0 verbose cli /usr/local/bin/node /usr/local/bin/npm
1 info using npm@8.19.4
2 info using node@v16.20.2
3 timing npm:load:whichnode Completed in 0ms
4 timing config:load:defaults Completed in 1ms
5 timing config:load:file:/usr/local/lib/node_modules/npm/npmrc Completed in 0ms
6 timing config:load:builtin Completed in 0ms
7 warn config production Use `--omit=dev` instead.
8 timing config:load:cli Completed in 2ms
9 timing config:load:env Completed in 0ms
10 timing config:load:file:/data/.npmrc Completed in 0ms
11 timing config:load:project Completed in 1ms
12 timing config:load:file:/usr/src/node-red/.npmrc Completed in 0ms
13 timing config:load:user Completed in 0ms
14 timing config:load:file:/usr/local/etc/npmrc Completed in 1ms
15 timing config:load:global Completed in 1ms
16 timing config:load:validate Completed in 0ms
17 timing config:load:credentials Completed in 1ms
18 timing config:load:setEnvs Completed in 0ms
19 timing config:load Completed in 6ms
20 timing npm:load:configload Completed in 6ms
21 timing npm:load:mkdirpcache Completed in 1ms
22 timing npm:load:mkdirplogs Completed in 1ms
23 verbose title npm install random-generator_node-red-contrib@1.0.0
24 verbose argv "install" "--no-audit" "--no-update-notifier" "--no-fund" "--save" "--save-prefix" "~" "--production" "--engine-strict" "random-generator_node-red-contrib@1.0.0"
25 timing npm:load:setTitle Completed in 0ms
26 timing config:load:flatten Completed in 1ms
27 timing npm:load:display Completed in 3ms
28 verbose logfile logs-max:10 dir:/data/.npm/_logs
29 verbose logfile /data/.npm/_logs/2023-09-28T06_03_26_629Z-debug-0.log
30 timing npm:load:logFile Completed in 2ms
31 timing npm:load:timers Completed in 0ms
32 timing npm:load:configScope Completed in 0ms
33 timing npm:load Completed in 14ms
34 timing arborist:ctor Completed in 0ms
35 silly logfile done cleaning log files
36 timing idealTree:init Completed in 30ms
37 timing idealTree:userRequests Completed in 1ms
38 silly idealTree buildDeps
39 silly fetch manifest random-generator_node-red-contrib@1.0.0
40 timing arborist:ctor Completed in 0ms
41 http fetch GET 200 https://registry.npmjs.org/random-generator_node-red-contrib 1412ms (cache miss)
42 silly placeDep ROOT random-generator_node-red-contrib@1.0.0 OK for: node-red-project@0.0.1 want: 1.0.0
43 silly fetch manifest unique-names-generator@^4.4.0
44 http fetch GET 200 https://registry.npmjs.org/unique-names-generator 1424ms (cache miss)
45 timing idealTree:#root Completed in 2841ms
46 silly placeDep ROOT unique-names-generator@4.7.1 OK for: random-generator_node-red-contrib@1.0.0 want: ^4.4.0
47 timing idealTree:node_modules/random-generator_node-red-contrib Completed in 1ms
48 timing idealTree:node_modules/unique-names-generator Completed in 0ms
49 timing idealTree:buildDeps Completed in 2843ms
50 timing idealTree:fixDepFlags Completed in 1ms
51 timing idealTree Completed in 2875ms
52 timing reify:loadTrees Completed in 2876ms
53 timing reify:diffTrees Completed in 1ms
54 silly reify moves {}
55 timing reify:retireShallow Completed in 0ms
56 timing reify:createSparse Completed in 0ms
57 timing reify:trashOmits Completed in 0ms
58 timing reify:loadBundles Completed in 0ms
59 silly tarball no local data for random-generator_node-red-contrib@https://registry.npmjs.org/random-generator_node-red-contrib/-/random-generator_node-red-contrib-1.0.0.tgz. Extracting by manifest.
60 silly tarball no local data for unique-names-generator@https://registry.npmjs.org/unique-names-generator/-/unique-names-generator-4.7.1.tgz. Extracting by manifest.
61 http fetch GET 200 https://registry.npmjs.org/unique-names-generator/-/unique-names-generator-4.7.1.tgz 89ms (cache miss)
62 timing reifyNode:node_modules/unique-names-generator Completed in 92ms
63 http fetch GET 200 https://registry.npmjs.org/random-generator_node-red-contrib/-/random-generator_node-red-contrib-1.0.0.tgz 1257ms (cache miss)
64 timing reifyNode:node_modules/random-generator_node-red-contrib Completed in 1260ms
65 timing reify:unpack Completed in 1261ms
66 timing reify:unretire Completed in 0ms
67 timing build:queue Completed in 0ms
68 timing build:deps Completed in 1ms
69 timing build Completed in 1ms
70 timing reify:build Completed in 1ms
71 timing reify:trash Completed in 0ms
72 timing reify:save Completed in 9ms
73 timing reify Completed in 4155ms
74 silly ADD node_modules/unique-names-generator
75 silly ADD node_modules/random-generator_node-red-contrib
76 timing command:install Completed in 4156ms
77 verbose exit 0
78 timing npm Completed in 4232ms
79 info ok
