0 verbose cli /usr/local/bin/node /usr/local/bin/npm
1 info using npm@8.19.4
2 info using node@v16.20.2
3 timing npm:load:whichnode Completed in 0ms
4 timing config:load:defaults Completed in 0ms
5 timing config:load:file:/usr/local/lib/node_modules/npm/npmrc Completed in 1ms
6 timing config:load:builtin Completed in 1ms
7 warn config production Use `--omit=dev` instead.
8 timing config:load:cli Completed in 1ms
9 timing config:load:env Completed in 0ms
10 timing config:load:file:/data/.npmrc Completed in 0ms
11 timing config:load:project Completed in 1ms
12 timing config:load:file:/usr/src/node-red/.npmrc Completed in 0ms
13 timing config:load:user Completed in 0ms
14 timing config:load:file:/usr/local/etc/npmrc Completed in 1ms
15 timing config:load:global Completed in 1ms
16 timing config:load:validate Completed in 0ms
17 timing config:load:credentials Completed in 0ms
18 timing config:load:setEnvs Completed in 1ms
19 timing config:load Completed in 6ms
20 timing npm:load:configload Completed in 7ms
21 timing npm:load:mkdirpcache Completed in 2ms
22 timing npm:load:mkdirplogs Completed in 0ms
23 verbose title npm install node-red-contrib-mqtt-connection-check@0.1.2
24 verbose argv "install" "--no-audit" "--no-update-notifier" "--no-fund" "--save" "--save-prefix" "~" "--production" "--engine-strict" "node-red-contrib-mqtt-connection-check@0.1.2"
25 timing npm:load:setTitle Completed in 1ms
26 timing config:load:flatten Completed in 2ms
27 timing npm:load:display Completed in 2ms
28 verbose logfile logs-max:10 dir:/data/.npm/_logs
29 verbose logfile /data/.npm/_logs/2023-10-02T04_02_33_282Z-debug-0.log
30 timing npm:load:logFile Completed in 3ms
31 timing npm:load:timers Completed in 0ms
32 timing npm:load:configScope Completed in 0ms
33 timing npm:load Completed in 15ms
34 timing arborist:ctor Completed in 0ms
35 silly logfile done cleaning log files
36 timing idealTree:init Completed in 55ms
37 timing idealTree:userRequests Completed in 1ms
38 silly idealTree buildDeps
39 silly fetch manifest node-red-contrib-mqtt-connection-check@0.1.2
40 timing arborist:ctor Completed in 0ms
41 http fetch GET 200 https://registry.npmjs.org/node-red-contrib-mqtt-connection-check 2102ms (cache miss)
42 silly placeDep ROOT node-red-contrib-mqtt-connection-check@0.1.2 OK for: node-red-project@0.0.1 want: 0.1.2
43 silly fetch manifest mqtt@^3.0.0
44 http fetch GET 200 https://registry.npmjs.org/mqtt 7ms (cache hit)
45 timing idealTree:#root Completed in 2116ms
46 silly placeDep node_modules/node-red-contrib-mqtt-connection-check mqtt@3.0.0 OK for: node-red-contrib-mqtt-connection-check@0.1.2 want: ^3.0.0
47 silly fetch manifest base64-js@^1.3.0
48 silly fetch manifest mqtt-packet@^6.0.0
49 silly fetch manifest split2@^3.1.0
50 http fetch GET 200 https://registry.npmjs.org/split2 4ms (cache hit)
51 http fetch GET 200 https://registry.npmjs.org/mqtt-packet 5ms (cache hit)
52 http fetch GET 200 https://registry.npmjs.org/base64-js 181ms (cache miss)
53 timing idealTree:node_modules/node-red-contrib-mqtt-connection-check Completed in 185ms
54 silly placeDep ROOT base64-js@1.5.1 OK for: mqtt@3.0.0 want: ^1.3.0
55 silly placeDep node_modules/node-red-contrib-mqtt-connection-check mqtt-packet@6.10.0 OK for: mqtt@3.0.0 want: ^6.0.0
56 silly placeDep node_modules/node-red-contrib-mqtt-connection-check split2@3.2.2 OK for: mqtt@3.0.0 want: ^3.1.0
57 silly fetch manifest bl@^4.0.2
58 silly fetch manifest debug@^4.1.1
59 silly fetch manifest readable-stream@^3.0.0
60 http fetch GET 200 https://registry.npmjs.org/readable-stream 5ms (cache hit)
61 http fetch GET 200 https://registry.npmjs.org/bl 6ms (cache hit)
62 http fetch GET 200 https://registry.npmjs.org/debug 123ms (cache revalidated)
63 timing idealTree:node_modules/node-red-contrib-mqtt-connection-check/node_modules/mqtt Completed in 130ms
64 timing idealTree:node_modules/base64-js Completed in 0ms
65 silly placeDep node_modules/node-red-contrib-mqtt-connection-check bl@4.1.0 OK for: mqtt-packet@6.10.0 want: ^4.0.2
66 silly placeDep node_modules/node-red-contrib-mqtt-connection-check debug@4.3.4 OK for: mqtt-packet@6.10.0 want: ^4.1.1
67 silly fetch manifest buffer@^5.5.0
68 silly fetch manifest readable-stream@^3.4.0
69 silly fetch manifest ms@2.1.2
70 http fetch GET 200 https://registry.npmjs.org/buffer 282ms (cache miss)
71 http fetch GET 200 https://registry.npmjs.org/ms 690ms (cache revalidated)
72 timing idealTree:node_modules/node-red-contrib-mqtt-connection-check/node_modules/mqtt-packet Completed in 699ms
73 silly placeDep ROOT buffer@5.7.1 OK for: bl@4.1.0 want: ^5.5.0
74 silly placeDep node_modules/node-red-contrib-mqtt-connection-check/node_modules/bl readable-stream@3.6.2 OK for: bl@4.1.0 want: ^3.4.0
75 silly fetch manifest ieee754@^1.1.13
76 http fetch GET 200 https://registry.npmjs.org/ieee754 186ms (cache miss)
77 timing idealTree:node_modules/node-red-contrib-mqtt-connection-check/node_modules/bl Completed in 193ms
78 silly placeDep ROOT ieee754@1.2.1 OK for: buffer@5.7.1 want: ^1.1.13
79 timing idealTree:node_modules/buffer Completed in 1ms
80 timing idealTree:node_modules/ieee754 Completed in 0ms
81 silly placeDep node_modules/node-red-contrib-mqtt-connection-check ms@2.1.2 OK for: debug@4.3.4 want: 2.1.2
82 timing idealTree:node_modules/node-red-contrib-mqtt-connection-check/node_modules/debug Completed in 1ms
83 timing idealTree:node_modules/node-red-contrib-mqtt-connection-check/node_modules/ms Completed in 0ms
84 silly placeDep node_modules/node-red-contrib-mqtt-connection-check/node_modules/split2 readable-stream@3.6.2 OK for: split2@3.2.2 want: ^3.0.0
85 timing idealTree:node_modules/node-red-contrib-mqtt-connection-check/node_modules/split2 Completed in 2ms
86 timing idealTree:node_modules/node-red-contrib-mqtt-connection-check/node_modules/bl/node_modules/readable-stream Completed in 0ms
87 timing idealTree:node_modules/node-red-contrib-mqtt-connection-check/node_modules/split2/node_modules/readable-stream Completed in 0ms
88 timing idealTree:buildDeps Completed in 3329ms
89 timing idealTree:fixDepFlags Completed in 2ms
90 timing idealTree Completed in 3388ms
91 timing reify:loadTrees Completed in 3388ms
92 timing reify:diffTrees Completed in 4ms
93 silly reify moves {}
94 timing reify:retireShallow Completed in 1ms
95 timing reify:createSparse Completed in 2ms
96 timing reify:trashOmits Completed in 0ms
97 timing reify:loadBundles Completed in 0ms
98 silly tarball no local data for ieee754@https://registry.npmjs.org/ieee754/-/ieee754-1.2.1.tgz. Extracting by manifest.
99 silly tarball no local data for buffer@https://registry.npmjs.org/buffer/-/buffer-5.7.1.tgz. Extracting by manifest.
100 silly tarball no local data for node-red-contrib-mqtt-connection-check@https://registry.npmjs.org/node-red-contrib-mqtt-connection-check/-/node-red-contrib-mqtt-connection-check-0.1.2.tgz. Extracting by manifest.
101 silly tarball no local data for base64-js@https://registry.npmjs.org/base64-js/-/base64-js-1.5.1.tgz. Extracting by manifest.
102 silly tarball no local data for bl@https://registry.npmjs.org/bl/-/bl-4.1.0.tgz. Extracting by manifest.
103 silly tarball no local data for split2@https://registry.npmjs.org/split2/-/split2-3.2.2.tgz. Extracting by manifest.
104 silly tarball no local data for mqtt-packet@https://registry.npmjs.org/mqtt-packet/-/mqtt-packet-6.10.0.tgz. Extracting by manifest.
105 silly tarball no local data for mqtt@https://registry.npmjs.org/mqtt/-/mqtt-3.0.0.tgz. Extracting by manifest.
106 timing reifyNode:node_modules/node-red-contrib-mqtt-connection-check/node_modules/ms Completed in 30ms
107 timing reifyNode:node_modules/node-red-contrib-mqtt-connection-check/node_modules/debug Completed in 31ms
108 timing reifyNode:node_modules/node-red-contrib-mqtt-connection-check/node_modules/bl/node_modules/readable-stream Completed in 34ms
109 timing reifyNode:node_modules/node-red-contrib-mqtt-connection-check/node_modules/split2/node_modules/readable-stream Completed in 34ms
110 http fetch GET 200 https://registry.npmjs.org/ieee754/-/ieee754-1.2.1.tgz 124ms (cache miss)
111 timing reifyNode:node_modules/ieee754 Completed in 131ms
112 http fetch GET 200 https://registry.npmjs.org/buffer/-/buffer-5.7.1.tgz 126ms (cache miss)
113 timing reifyNode:node_modules/buffer Completed in 132ms
114 http fetch GET 200 https://registry.npmjs.org/node-red-contrib-mqtt-connection-check/-/node-red-contrib-mqtt-connection-check-0.1.2.tgz 271ms (cache miss)
115 timing reifyNode:node_modules/node-red-contrib-mqtt-connection-check Completed in 278ms
116 http fetch GET 200 https://registry.npmjs.org/split2/-/split2-3.2.2.tgz 295ms (cache miss)
117 timing reifyNode:node_modules/node-red-contrib-mqtt-connection-check/node_modules/split2 Completed in 304ms
118 http fetch GET 200 https://registry.npmjs.org/base64-js/-/base64-js-1.5.1.tgz 298ms (cache miss)
119 timing reifyNode:node_modules/base64-js Completed in 305ms
120 http fetch GET 200 https://registry.npmjs.org/mqtt-packet/-/mqtt-packet-6.10.0.tgz 322ms (cache miss)
121 timing reifyNode:node_modules/node-red-contrib-mqtt-connection-check/node_modules/mqtt-packet Completed in 331ms
122 http fetch GET 200 https://registry.npmjs.org/bl/-/bl-4.1.0.tgz 332ms (cache miss)
123 timing reifyNode:node_modules/node-red-contrib-mqtt-connection-check/node_modules/bl Completed in 340ms
124 http fetch GET 200 https://registry.npmjs.org/mqtt/-/mqtt-3.0.0.tgz 520ms (cache miss)
125 timing reifyNode:node_modules/node-red-contrib-mqtt-connection-check/node_modules/mqtt Completed in 531ms
126 timing reify:unpack Completed in 532ms
127 timing reify:unretire Completed in 0ms
128 timing build:queue Completed in 1ms
129 timing build:link:node_modules/node-red-contrib-mqtt-connection-check/node_modules/mqtt Completed in 1ms
130 timing build:link Completed in 1ms
131 timing build:deps Completed in 2ms
132 timing build Completed in 2ms
133 timing reify:build Completed in 2ms
134 timing reify:trash Completed in 0ms
135 timing reify:save Completed in 21ms
136 timing reify Completed in 3963ms
137 silly ADD node_modules/ieee754
138 silly ADD node_modules/buffer
139 silly ADD node_modules/base64-js
140 silly ADD node_modules/node-red-contrib-mqtt-connection-check
141 silly ADD node_modules/node-red-contrib-mqtt-connection-check/node_modules/ms
142 silly ADD node_modules/node-red-contrib-mqtt-connection-check/node_modules/debug
143 silly ADD node_modules/node-red-contrib-mqtt-connection-check/node_modules/bl
144 silly ADD node_modules/node-red-contrib-mqtt-connection-check/node_modules/bl/node_modules/readable-stream
145 silly ADD node_modules/node-red-contrib-mqtt-connection-check/node_modules/split2
146 silly ADD node_modules/node-red-contrib-mqtt-connection-check/node_modules/split2/node_modules/readable-stream
147 silly ADD node_modules/node-red-contrib-mqtt-connection-check/node_modules/mqtt-packet
148 silly ADD node_modules/node-red-contrib-mqtt-connection-check/node_modules/mqtt
149 timing command:install Completed in 3965ms
150 verbose exit 0
151 timing npm Completed in 4043ms
152 info ok
